2026-02-15 20:59:30,145 - INFO - Début du parsing. Nombre de blocs fusionnés trouvés : 90
2026-02-15 20:59:30,146 - INFO - Merge @R42C9 : Ligne de date non trouvée en remontant.
2026-02-15 20:59:30,146 - INFO - Merge @R44C9 : Ligne de date non trouvée en remontant.
2026-02-15 20:59:30,146 - INFO - Merge @R41C6 : Ligne de date non trouvée en remontant.
2026-02-15 20:59:30,146 - INFO - Merge @R41C8 : Ligne de date non trouvée en remontant.
2026-02-15 20:59:30,147 - INFO - Merge @R41C11 : Ligne de date non trouvée en remontant.
2026-02-15 20:59:30,147 - INFO - Merge @R42C6 : Ligne de date non trouvée en remontant.
2026-02-15 20:59:30,147 - INFO - Merge @R43C8 : Ligne de date non trouvée en remontant.
2026-02-15 20:59:30,147 - INFO - Merge @R43C11 : Ligne de date non trouvée en remontant.
2026-02-15 20:59:30,147 - INFO - Merge @R44C6 : Ligne de date non trouvée en remontant.
2026-02-15 20:59:30,147 - INFO - Merge @R45C11 : Ligne de date non trouvée en remontant.
2026-02-15 20:59:30,148 - INFO - Merge @R32C1 : Ligne de date non trouvée en remontant.
2026-02-15 20:59:30,148 - INFO - Merge @R33C1 : Ligne de date non trouvée en remontant.
2026-02-15 20:59:30,148 - INFO - Merge @R34C1 : Ligne de date non trouvée en remontant.
2026-02-15 20:59:30,148 - INFO - Merge @R41C1 : Ligne de date non trouvée en remontant.
2026-02-15 20:59:30,148 - INFO - Merge @R41C3 : Ligne de date non trouvée en remontant.
2026-02-15 20:59:30,148 - INFO - Merge @R42C3 : Ligne de date non trouvée en remontant.
2026-02-15 20:59:30,149 - INFO - Merge @R43C1 : Ligne de date non trouvée en remontant.
2026-02-15 20:59:30,149 - INFO - Merge @R44C1 : Ligne de date non trouvée en remontant.
2026-02-15 20:59:30,149 - INFO - Merge @R44C2 : Ligne de date non trouvée en remontant.
2026-02-15 20:59:30,149 - INFO - Merge @R54C1 : Ligne de date non trouvée en remontant.
2026-02-15 20:59:30,149 - INFO - Merge @R54C3 : Ligne de date non trouvée en remontant.
2026-02-15 20:59:30,149 - INFO - Merge @R54C6 : Ligne de date non trouvée en remontant.
2026-02-15 20:59:30,150 - INFO - Merge @R58C8 : Ligne de date non trouvée en remontant.
2026-02-15 20:59:30,150 - INFO - Merge @R60C1 : Ligne de date non trouvée en remontant.
2026-02-15 20:59:30,150 - INFO - Merge @R67C8 : Ligne de date non trouvée en remontant.
2026-02-15 20:59:30,150 - INFO - Merge @R68C6 : Ligne de date non trouvée en remontant.
2026-02-15 20:59:30,150 - INFO - Merge @R70C6 : Ligne de date non trouvée en remontant.
2026-02-15 20:59:30,150 - INFO - Merge @R70C8 : Ligne de date non trouvée en remontant.
2026-02-15 20:59:30,151 - INFO - Merge @R65C1 : Ligne de date non trouvée en remontant.
2026-02-15 20:59:30,151 - INFO - Merge @R65C3 : Ligne de date non trouvée en remontant.
2026-02-15 20:59:30,151 - INFO - Merge @R65C6 : Ligne de date non trouvée en remontant.
2026-02-15 20:59:30,151 - INFO - Merge @R65C8 : Ligne de date non trouvée en remontant.
2026-02-15 20:59:30,151 - INFO - Merge @R66C6 : Ligne de date non trouvée en remontant.
2026-02-15 20:59:30,152 - INFO - Merge @R67C1 : Ligne de date non trouvée en remontant.
2026-02-15 20:59:30,152 - INFO - Merge @R67C3 : Ligne de date non trouvée en remontant.
2026-02-15 20:59:30,152 - INFO - Merge @R5C11 : Ligne de date non trouvée en remontant.
2026-02-15 20:59:30,152 - INFO - Merge @R6C11 : Ligne de date non trouvée en remontant.
2026-02-15 20:59:30,152 - INFO - Merge @R17C11 : Ligne de date non trouvée en remontant.
2026-02-15 20:59:30,152 - INFO - Merge @R17C13 : Ligne de date non trouvée en remontant.
2026-02-15 20:59:30,152 - INFO - Merge @R22C11 : Ligne de date non trouvée en remontant.
2026-02-15 20:59:30,153 - INFO - Merge @R0C0 : Ligne de date non trouvée en remontant.
2026-02-15 20:59:30,153 - INFO - Merge @R5C1 : Ligne de date non trouvée en remontant.
2026-02-15 20:59:30,153 - INFO - Merge @R5C3 : Ligne de date non trouvée en remontant.
2026-02-15 20:59:30,153 - INFO - Merge @R5C8 : Ligne de date non trouvée en remontant.
2026-02-15 20:59:30,153 - INFO - Merge @R5C13 : Ligne de date non trouvée en remontant.
2026-02-15 20:59:30,153 - INFO - Merge @R6C8 : Ligne de date non trouvée en remontant.
2026-02-15 20:59:30,153 - INFO - Merge @R8C6 : Ligne de date non trouvée en remontant.
2026-02-15 20:59:30,154 - INFO - Merge @R5C6 : Ligne de date non trouvée en remontant.
2026-02-15 20:59:30,154 - INFO - Merge @R6C6 : Ligne de date non trouvée en remontant.
2026-02-15 20:59:30,154 - INFO - Merge @R10C6 : Ligne de date non trouvée en remontant.
2026-02-15 20:59:30,154 - INFO - Merge @R10C8 : Ligne de date non trouvée en remontant.
2026-02-15 20:59:30,154 - INFO - Merge @R17C6 : Ligne de date non trouvée en remontant.
2026-02-15 20:59:30,154 - INFO - Merge @R17C8 : Ligne de date non trouvée en remontant.
2026-02-15 20:59:30,154 - INFO - Merge @R22C6 : Ligne de date non trouvée en remontant.
2026-02-15 20:59:30,155 - INFO - Merge @R6C1 : Ligne de date non trouvée en remontant.
2026-02-15 20:59:30,155 - INFO - Merge @R10C3 : Ligne de date non trouvée en remontant.
2026-02-15 20:59:30,155 - INFO - Merge @R17C1 : Ligne de date non trouvée en remontant.
2026-02-15 20:59:30,155 - INFO - Merge @R17C3 : Ligne de date non trouvée en remontant.
2026-02-15 20:59:30,155 - INFO - Merge @R29C1 : Ligne de date non trouvée en remontant.
2026-02-15 20:59:30,155 - INFO - Merge @R29C3 : Ligne de date non trouvée en remontant.
2026-02-15 20:59:30,156 - INFO - Merge @R30C1 : Ligne de date non trouvée en remontant.
2026-02-15 20:59:30,156 - INFO - Merge @R29C6 : Ligne de date non trouvée en remontant.
2026-02-15 20:59:30,156 - INFO - Merge @R29C8 : Ligne de date non trouvée en remontant.
2026-02-15 20:59:30,156 - INFO - Merge @R29C11 : Ligne de date non trouvée en remontant.
2026-02-15 20:59:30,156 - INFO - Merge @R30C8 : Ligne de date non trouvée en remontant.
2026-02-15 20:59:30,156 - INFO - Merge @R31C6 : Ligne de date non trouvée en remontant.
2026-02-15 20:59:30,156 - INFO - Merge @R34C8 : Ligne de date non trouvée en remontant.
2026-02-15 20:59:30,157 - INFO - Merge @R35C8 : Ligne de date non trouvée en remontant.
2026-02-15 20:59:30,157 - INFO - Merge @R46C1 : Ligne de date non trouvée en remontant.
2026-02-15 20:59:30,157 - INFO - Merge @R46C2 : Ligne de date non trouvée en remontant.
2026-02-15 20:59:30,157 - INFO - Merge @R46C6 : Ligne de date non trouvée en remontant.
2026-02-15 20:59:30,157 - INFO - Merge @R46C8 : Ligne de date non trouvée en remontant.
2026-02-15 20:59:30,157 - INFO - Merge @R46C9 : Ligne de date non trouvée en remontant.
2026-02-15 20:59:30,158 - INFO - Merge @R46C11 : Ligne de date non trouvée en remontant.
2026-02-15 20:59:30,158 - INFO - Merge @R48C9 : Ligne de date non trouvée en remontant.
2026-02-15 20:59:30,158 - INFO - Merge @R48C11 : Ligne de date non trouvée en remontant.
2026-02-15 20:59:30,158 - INFO - Merge @R54C11 : Ligne de date non trouvée en remontant.
2026-02-15 20:59:30,158 - INFO - Merge @R58C11 : Ligne de date non trouvée en remontant.
2026-02-15 20:59:30,158 - INFO - Merge @R58C12 : Ligne de date non trouvée en remontant.
2026-02-15 20:59:30,159 - INFO - Merge @R65C11 : Ligne de date non trouvée en remontant.
2026-02-15 20:59:30,159 - INFO - Merge @R66C11 : Ligne de date non trouvée en remontant.
2026-02-15 20:59:30,159 - INFO - Merge @R70C11 : Ligne de date non trouvée en remontant.
2026-02-15 20:59:30,159 - INFO - Merge @R72C11 : Ligne de date non trouvée en remontant.
2026-02-15 20:59:30,159 - INFO - Merge @R48C1 : Ligne de date non trouvée en remontant.
2026-02-15 20:59:30,159 - INFO - Merge @R53C1 : Ligne de date non trouvée en remontant.
2026-02-15 20:59:30,160 - INFO - Merge @R53C3 : Ligne de date non trouvée en remontant.
2026-02-15 20:59:30,160 - INFO - Merge @R53C6 : Ligne de date non trouvée en remontant.
2026-02-15 20:59:30,160 - INFO - Merge @R53C8 : Ligne de date non trouvée en remontant.
2026-02-15 20:59:30,160 - INFO - Merge @R53C11 : Ligne de date non trouvée en remontant.
2026-02-15 20:59:30,160 - INFO - Merge @R54C8 : Ligne de date non trouvée en remontant.
2026-02-15 21:01:01,710 - INFO - Début du parsing. Nombre de blocs fusionnés trouvés : 90
2026-02-15 21:01:02,081 - INFO - Bloc 0 valide : terrain lycée agr (8h30-10h
 g...
2026-02-15 21:01:02,089 - INFO - Bloc 1 valide : terrain lycée agr (10h30-12h
 ...
2026-02-15 21:01:02,089 - INFO - Merge @R41C6 : Erreur format heure a la colonne 0 (time data '' does not match format '%H:%M')
2026-02-15 21:01:02,089 - INFO - Merge @R41C8 : Erreur format heure a la colonne 0 (time data '' does not match format '%H:%M')
2026-02-15 21:01:02,089 - INFO - Merge @R41C11 : Erreur format heure a la colonne 0 (time data '' does not match format '%H:%M')
2026-02-15 21:01:02,093 - INFO - Bloc 5 valide : Anglais...
2026-02-15 21:01:02,096 - INFO - Bloc 6 valide : Sol / Modèles...
2026-02-15 21:01:02,100 - INFO - Bloc 7 valide : Jalon 2_Restitution Modèles...
2026-02-15 21:01:02,104 - INFO - Bloc 8 valide : Sol / Modèles
 Evaluation Pédo...
2026-02-15 21:01:02,108 - INFO - Bloc 9 valide : Préparation terrain...
2026-02-15 21:01:02,111 - INFO - Bloc 10 valide : Presentation UE (MG - ML)...
2026-02-15 21:01:02,114 - INFO - Bloc 11 valide : SEABV_hydrologie 
 (SG, LB)...
2026-02-15 21:01:02,118 - INFO - Bloc 12 valide : SEABV_hydrologie 
 (SG, LB)...
2026-02-15 21:01:02,118 - INFO - Merge @R41C1 : Erreur format heure a la colonne 0 (time data '' does not match format '%H:%M')
2026-02-15 21:01:02,119 - INFO - Merge @R41C3 : Erreur format heure a la colonne 0 (time data '' does not match format '%H:%M')
2026-02-15 21:01:02,123 - INFO - Bloc 15 valide : Sol / Modèles...
2026-02-15 21:01:02,126 - INFO - Bloc 16 valide : Transmission QGER -> AGREST (8...
2026-02-15 21:01:02,129 - INFO - Bloc 17 valide : TD en salle info pour revision...
2026-02-15 21:01:02,136 - INFO - Bloc 18 valide : Sol - gpes pairs...
2026-02-15 21:01:02,140 - INFO - Bloc 19 valide : Travail Perso...
2026-02-15 21:01:02,144 - INFO - Bloc 20 valide : Terrain vallée de Save L'Isle ...
2026-02-15 21:01:02,147 - INFO - Bloc 21 valide : Terrain vallée de Save L'Isle ...
2026-02-15 21:01:02,151 - INFO - Bloc 22 valide : PAE 18...
2026-02-15 21:01:02,155 - INFO - Bloc 23 valide : Départ Terrain...
2026-02-15 21:01:02,159 - INFO - Bloc 24 valide : Restitution - World café
 (BP,...
2026-02-15 21:01:02,163 - INFO - Bloc 25 valide : Préconisations...
2026-02-15 21:01:02,167 - INFO - Bloc 26 valide : Préconisations...
2026-02-15 21:01:02,171 - INFO - Bloc 27 valide : Débrief de l'UE...
2026-02-15 21:01:02,171 - INFO - Merge @R65C1 : Erreur format heure a la colonne 0 (time data '' does not match format '%H:%M')
2026-02-15 21:01:02,171 - INFO - Merge @R65C3 : Erreur format heure a la colonne 0 (time data '' does not match format '%H:%M')
2026-02-15 21:01:02,171 - INFO - Merge @R65C6 : Erreur format heure a la colonne 0 (time data '' does not match format '%H:%M')
2026-02-15 21:01:02,171 - INFO - Merge @R65C8 : Erreur format heure a la colonne 0 (time data '' does not match format '%H:%M')
2026-02-15 21:01:02,175 - INFO - Bloc 32 valide : &...
2026-02-15 21:01:02,178 - INFO - Bloc 33 valide : Préconisations...
2026-02-15 21:01:02,181 - INFO - Bloc 34 valide : Préconisations
(JPS)...
2026-02-15 21:01:02,181 - INFO - Merge @R5C11 : Erreur format heure a la colonne 0 (time data '' does not match format '%H:%M')
2026-02-15 21:01:02,186 - INFO - Bloc 36 valide : Forum Agrotoulouse...
2026-02-15 21:01:02,186 - INFO - Merge @R17C11 : Erreur format heure a la colonne 0 (time data '' does not match format '%H:%M')
2026-02-15 21:01:02,186 - INFO - Merge @R17C13 : Erreur format heure a la colonne 0 (time data '' does not match format '%H:%M')
2026-02-15 21:01:02,191 - INFO - Bloc 39 valide : SEABV - remise à niveau SIG...
2026-02-15 21:01:02,191 - INFO - Merge @R0C0 : Aucune ligne de date (jour de la semaine) trouvee au-dessus.
2026-02-15 21:01:02,191 - INFO - Merge @R5C1 : Erreur format heure a la colonne 0 (time data '' does not match format '%H:%M')
2026-02-15 21:01:02,192 - INFO - Merge @R5C3 : Erreur format heure a la colonne 0 (time data '' does not match format '%H:%M')
2026-02-15 21:01:02,192 - INFO - Merge @R5C8 : Erreur format heure a la colonne 0 (time data '' does not match format '%H:%M')
2026-02-15 21:01:02,192 - INFO - Merge @R5C13 : Erreur format heure a la colonne 0 (time data '' does not match format '%H:%M')
2026-02-15 21:01:02,196 - INFO - Bloc 45 valide : SEABV - remise à niveau SIG...
2026-02-15 21:01:02,200 - INFO - Bloc 46 valide : Travail Perso...
2026-02-15 21:01:02,200 - INFO - Merge @R5C6 : Erreur format heure a la colonne 0 (time data '' does not match format '%H:%M')
2026-02-15 21:01:02,204 - INFO - Bloc 48 valide : 8h00-9h50: Anglais...
2026-02-15 21:01:02,208 - INFO - Bloc 49 valide : SEABV - remise à niveau SIG
(M...
2026-02-15 21:01:02,212 - INFO - Bloc 50 valide : Forum Agrotoulouse...
2026-02-15 21:01:02,212 - INFO - Merge @R17C6 : Erreur format heure a la colonne 0 (time data '' does not match format '%H:%M')
2026-02-15 21:01:02,212 - INFO - Merge @R17C8 : Erreur format heure a la colonne 0 (time data '' does not match format '%H:%M')
2026-02-15 21:01:02,215 - INFO - Bloc 53 valide : SEABV - remise à niveau SIG...
2026-02-15 21:01:02,220 - INFO - Bloc 54 valide : SEABV - remise à niveau SIG
[B...
2026-02-15 21:01:02,224 - INFO - Bloc 55 valide : PAE 8 TA...
2026-02-15 21:01:02,224 - INFO - Merge @R17C1 : Erreur format heure a la colonne 0 (time data '' does not match format '%H:%M')
2026-02-15 21:01:02,224 - INFO - Merge @R17C3 : Erreur format heure a la colonne 0 (time data '' does not match format '%H:%M')
2026-02-15 21:01:02,224 - INFO - Merge @R29C1 : Erreur format heure a la colonne 0 (time data '' does not match format '%H:%M')
2026-02-15 21:01:02,224 - INFO - Merge @R29C3 : Erreur format heure a la colonne 0 (time data '' does not match format '%H:%M')
2026-02-15 21:01:02,227 - INFO - Bloc 60 valide : Travail Perso...
2026-02-15 21:01:02,227 - INFO - Merge @R29C6 : Erreur format heure a la colonne 0 (time data '' does not match format '%H:%M')
2026-02-15 21:01:02,227 - INFO - Merge @R29C8 : Erreur format heure a la colonne 0 (time data '' does not match format '%H:%M')
2026-02-15 21:01:02,228 - INFO - Merge @R29C11 : Erreur format heure a la colonne 0 (time data '' does not match format '%H:%M')
2026-02-15 21:01:02,231 - INFO - Bloc 64 valide : SEABV_hydrologie_evaluation 
 ...
2026-02-15 21:01:02,235 - INFO - Bloc 65 valide : SEABV_hydrologie 
 (SG, LB)...
2026-02-15 21:01:02,240 - INFO - Bloc 66 valide : SEABV_hydrologie_evaluation
 (...
2026-02-15 21:01:02,243 - INFO - Bloc 67 valide : SEABV_Jalon 1
 (SG, LB, ML)...
2026-02-15 21:01:02,247 - INFO - Bloc 68 valide : TD en salle info pour revision...
2026-02-15 21:01:02,255 - INFO - Bloc 69 valide : Sol - gpes impairs...
2026-02-15 21:01:02,259 - INFO - Bloc 70 valide : Sol / Modèles
 Evaluation Pédo...
2026-02-15 21:01:02,262 - INFO - Bloc 71 valide : Sol / Modèles...
2026-02-15 21:01:02,272 - INFO - Bloc 72 valide : terrain lycée agr gpes 1,3,5,7...
2026-02-15 21:01:02,275 - INFO - Bloc 73 valide : Préparation terrain (SG MG, BP...
2026-02-15 21:01:02,282 - INFO - Bloc 74 valide : terrain lycée agr gpes 1,3,5,7...
2026-02-15 21:01:02,286 - INFO - Bloc 75 valide : Travail Perso...
2026-02-15 21:01:02,290 - INFO - Bloc 76 valide : Traitement des données retour ...
2026-02-15 21:01:02,293 - INFO - Bloc 77 valide : Traitement des données retour ...
2026-02-15 21:01:02,301 - INFO - Bloc 78 valide : Jeu sérieu Érosion...
2026-02-15 21:01:02,301 - INFO - Merge @R65C11 : Erreur format heure a la colonne 0 (time data '' does not match format '%H:%M')
2026-02-15 21:01:02,305 - INFO - Bloc 80 valide : PAE 19 (Retour aux commanditai...
2026-02-15 21:01:02,308 - INFO - Bloc 81 valide : Bilan Agrest...
2026-02-15 21:01:02,312 - INFO - Bloc 82 valide : Travail perso...
2026-02-15 21:01:02,315 - INFO - Bloc 83 valide : Sol / Modèles (Fin 17h)...
2026-02-15 21:01:02,315 - INFO - Merge @R53C1 : Erreur format heure a la colonne 0 (time data '' does not match format '%H:%M')
2026-02-15 21:01:02,315 - INFO - Merge @R53C3 : Erreur format heure a la colonne 0 (time data '' does not match format '%H:%M')
2026-02-15 21:01:02,315 - INFO - Merge @R53C6 : Erreur format heure a la colonne 0 (time data '' does not match format '%H:%M')
2026-02-15 21:01:02,315 - INFO - Merge @R53C8 : Erreur format heure a la colonne 0 (time data '' does not match format '%H:%M')
2026-02-15 21:01:02,315 - INFO - Merge @R53C11 : Erreur format heure a la colonne 0 (time data '' does not match format '%H:%M')
2026-02-15 21:01:02,319 - INFO - Bloc 89 valide : Traitement des données retour ...
2026-02-15 21:03:04,631 - INFO - Début du parsing. Nombre de blocs fusionnés trouvés : 90
2026-02-15 21:03:04,639 - INFO - Bloc 0 valide : terrain lycée agr (8h30-10h
 g...
2026-02-15 21:03:04,646 - INFO - Bloc 1 valide : terrain lycée agr (10h30-12h
 ...
2026-02-15 21:03:04,646 - INFO - Merge @R41C6 : Erreur format heure a la colonne 0 (time data '' does not match format '%H:%M')
2026-02-15 21:03:04,646 - INFO - Merge @R41C8 : Erreur format heure a la colonne 0 (time data '' does not match format '%H:%M')
2026-02-15 21:03:04,646 - INFO - Merge @R41C11 : Erreur format heure a la colonne 0 (time data '' does not match format '%H:%M')
2026-02-15 21:03:04,650 - INFO - Bloc 5 valide : Anglais...
2026-02-15 21:03:04,653 - INFO - Bloc 6 valide : Sol / Modèles...
2026-02-15 21:03:04,656 - INFO - Bloc 7 valide : Jalon 2_Restitution Modèles...
2026-02-15 21:03:04,660 - INFO - Bloc 8 valide : Sol / Modèles
 Evaluation Pédo...
2026-02-15 21:03:04,664 - INFO - Bloc 9 valide : Préparation terrain...
2026-02-15 21:03:04,667 - INFO - Bloc 10 valide : Presentation UE (MG - ML)...
2026-02-15 21:03:04,670 - INFO - Bloc 11 valide : SEABV_hydrologie 
 (SG, LB)...
2026-02-15 21:03:04,673 - INFO - Bloc 12 valide : SEABV_hydrologie 
 (SG, LB)...
2026-02-15 21:03:04,673 - INFO - Merge @R41C1 : Erreur format heure a la colonne 0 (time data '' does not match format '%H:%M')
2026-02-15 21:03:04,674 - INFO - Merge @R41C3 : Erreur format heure a la colonne 0 (time data '' does not match format '%H:%M')
2026-02-15 21:03:04,677 - INFO - Bloc 15 valide : Sol / Modèles...
2026-02-15 21:03:04,680 - INFO - Bloc 16 valide : Transmission QGER -> AGREST (8...
2026-02-15 21:03:04,683 - INFO - Bloc 17 valide : TD en salle info pour revision...
2026-02-15 21:03:04,689 - INFO - Bloc 18 valide : Sol - gpes pairs...
2026-02-15 21:03:04,692 - INFO - Bloc 19 valide : Travail Perso...
2026-02-15 21:03:04,696 - INFO - Bloc 20 valide : Terrain vallée de Save L'Isle ...
2026-02-15 21:03:04,699 - INFO - Bloc 21 valide : Terrain vallée de Save L'Isle ...
2026-02-15 21:03:04,702 - INFO - Bloc 22 valide : PAE 18...
2026-02-15 21:03:04,705 - INFO - Bloc 23 valide : Départ Terrain...
2026-02-15 21:03:04,708 - INFO - Bloc 24 valide : Restitution - World café
 (BP,...
2026-02-15 21:03:04,712 - INFO - Bloc 25 valide : Préconisations...
2026-02-15 21:03:04,715 - INFO - Bloc 26 valide : Préconisations...
2026-02-15 21:03:04,718 - INFO - Bloc 27 valide : Débrief de l'UE...
2026-02-15 21:03:04,718 - INFO - Merge @R65C1 : Erreur format heure a la colonne 0 (time data '' does not match format '%H:%M')
2026-02-15 21:03:04,719 - INFO - Merge @R65C3 : Erreur format heure a la colonne 0 (time data '' does not match format '%H:%M')
2026-02-15 21:03:04,719 - INFO - Merge @R65C6 : Erreur format heure a la colonne 0 (time data '' does not match format '%H:%M')
2026-02-15 21:03:04,719 - INFO - Merge @R65C8 : Erreur format heure a la colonne 0 (time data '' does not match format '%H:%M')
2026-02-15 21:03:04,722 - INFO - Bloc 32 valide : &...
2026-02-15 21:03:04,725 - INFO - Bloc 33 valide : Préconisations...
2026-02-15 21:03:04,728 - INFO - Bloc 34 valide : Préconisations
(JPS)...
2026-02-15 21:03:04,729 - INFO - Merge @R5C11 : Erreur format heure a la colonne 0 (time data '' does not match format '%H:%M')
2026-02-15 21:03:04,732 - INFO - Bloc 36 valide : Forum Agrotoulouse...
2026-02-15 21:03:04,732 - INFO - Merge @R17C11 : Erreur format heure a la colonne 0 (time data '' does not match format '%H:%M')
2026-02-15 21:03:04,732 - INFO - Merge @R17C13 : Erreur format heure a la colonne 0 (time data '' does not match format '%H:%M')
2026-02-15 21:03:04,738 - INFO - Bloc 39 valide : SEABV - remise à niveau SIG...
2026-02-15 21:03:04,738 - INFO - Merge @R0C0 : Aucune ligne de date (jour de la semaine) trouvee au-dessus.
2026-02-15 21:03:04,738 - INFO - Merge @R5C1 : Erreur format heure a la colonne 0 (time data '' does not match format '%H:%M')
2026-02-15 21:03:04,738 - INFO - Merge @R5C3 : Erreur format heure a la colonne 0 (time data '' does not match format '%H:%M')
2026-02-15 21:03:04,738 - INFO - Merge @R5C8 : Erreur format heure a la colonne 0 (time data '' does not match format '%H:%M')
2026-02-15 21:03:04,738 - INFO - Merge @R5C13 : Erreur format heure a la colonne 0 (time data '' does not match format '%H:%M')
2026-02-15 21:03:04,744 - INFO - Bloc 45 valide : SEABV - remise à niveau SIG...
2026-02-15 21:03:04,748 - INFO - Bloc 46 valide : Travail Perso...
2026-02-15 21:03:04,748 - INFO - Merge @R5C6 : Erreur format heure a la colonne 0 (time data '' does not match format '%H:%M')
2026-02-15 21:03:04,812 - INFO - Bloc 48 valide : 8h00-9h50: Anglais...
2026-02-15 21:03:04,816 - INFO - Bloc 49 valide : SEABV - remise à niveau SIG
(M...
2026-02-15 21:03:04,820 - INFO - Bloc 50 valide : Forum Agrotoulouse...
2026-02-15 21:03:04,820 - INFO - Merge @R17C6 : Erreur format heure a la colonne 0 (time data '' does not match format '%H:%M')
2026-02-15 21:03:04,820 - INFO - Merge @R17C8 : Erreur format heure a la colonne 0 (time data '' does not match format '%H:%M')
2026-02-15 21:03:04,824 - INFO - Bloc 53 valide : SEABV - remise à niveau SIG...
2026-02-15 21:03:04,828 - INFO - Bloc 54 valide : SEABV - remise à niveau SIG
[B...
2026-02-15 21:03:04,831 - INFO - Bloc 55 valide : PAE 8 TA...
2026-02-15 21:03:04,831 - INFO - Merge @R17C1 : Erreur format heure a la colonne 0 (time data '' does not match format '%H:%M')
2026-02-15 21:03:04,831 - INFO - Merge @R17C3 : Erreur format heure a la colonne 0 (time data '' does not match format '%H:%M')
2026-02-15 21:03:04,831 - INFO - Merge @R29C1 : Erreur format heure a la colonne 0 (time data '' does not match format '%H:%M')
2026-02-15 21:03:04,831 - INFO - Merge @R29C3 : Erreur format heure a la colonne 0 (time data '' does not match format '%H:%M')
2026-02-15 21:03:04,835 - INFO - Bloc 60 valide : Travail Perso...
2026-02-15 21:03:04,835 - INFO - Merge @R29C6 : Erreur format heure a la colonne 0 (time data '' does not match format '%H:%M')
2026-02-15 21:03:04,835 - INFO - Merge @R29C8 : Erreur format heure a la colonne 0 (time data '' does not match format '%H:%M')
2026-02-15 21:03:04,835 - INFO - Merge @R29C11 : Erreur format heure a la colonne 0 (time data '' does not match format '%H:%M')
2026-02-15 21:03:04,838 - INFO - Bloc 64 valide : SEABV_hydrologie_evaluation 
 ...
2026-02-15 21:03:04,842 - INFO - Bloc 65 valide : SEABV_hydrologie 
 (SG, LB)...
2026-02-15 21:03:04,846 - INFO - Bloc 66 valide : SEABV_hydrologie_evaluation
 (...
2026-02-15 21:03:04,849 - INFO - Bloc 67 valide : SEABV_Jalon 1
 (SG, LB, ML)...
2026-02-15 21:03:04,853 - INFO - Bloc 68 valide : TD en salle info pour revision...
2026-02-15 21:03:04,859 - INFO - Bloc 69 valide : Sol - gpes impairs...
2026-02-15 21:03:04,863 - INFO - Bloc 70 valide : Sol / Modèles
 Evaluation Pédo...
2026-02-15 21:03:04,866 - INFO - Bloc 71 valide : Sol / Modèles...
2026-02-15 21:03:04,872 - INFO - Bloc 72 valide : terrain lycée agr gpes 1,3,5,7...
2026-02-15 21:03:04,876 - INFO - Bloc 73 valide : Préparation terrain (SG MG, BP...
2026-02-15 21:03:04,882 - INFO - Bloc 74 valide : terrain lycée agr gpes 1,3,5,7...
2026-02-15 21:03:04,885 - INFO - Bloc 75 valide : Travail Perso...
2026-02-15 21:03:04,888 - INFO - Bloc 76 valide : Traitement des données retour ...
2026-02-15 21:03:04,892 - INFO - Bloc 77 valide : Traitement des données retour ...
2026-02-15 21:03:04,898 - INFO - Bloc 78 valide : Jeu sérieu Érosion...
2026-02-15 21:03:04,898 - INFO - Merge @R65C11 : Erreur format heure a la colonne 0 (time data '' does not match format '%H:%M')
2026-02-15 21:03:04,901 - INFO - Bloc 80 valide : PAE 19 (Retour aux commanditai...
2026-02-15 21:03:04,905 - INFO - Bloc 81 valide : Bilan Agrest...
2026-02-15 21:03:04,908 - INFO - Bloc 82 valide : Travail perso...
2026-02-15 21:03:04,911 - INFO - Bloc 83 valide : Sol / Modèles (Fin 17h)...
2026-02-15 21:03:04,912 - INFO - Merge @R53C1 : Erreur format heure a la colonne 0 (time data '' does not match format '%H:%M')
2026-02-15 21:03:04,912 - INFO - Merge @R53C3 : Erreur format heure a la colonne 0 (time data '' does not match format '%H:%M')
2026-02-15 21:03:04,912 - INFO - Merge @R53C6 : Erreur format heure a la colonne 0 (time data '' does not match format '%H:%M')
2026-02-15 21:03:04,912 - INFO - Merge @R53C8 : Erreur format heure a la colonne 0 (time data '' does not match format '%H:%M')
2026-02-15 21:03:04,912 - INFO - Merge @R53C11 : Erreur format heure a la colonne 0 (time data '' does not match format '%H:%M')
2026-02-15 21:03:04,917 - INFO - Bloc 89 valide : Traitement des données retour ...
2026-02-15 21:07:43,184 - INFO - Début du parsing. Nombre de blocs fusionnés trouvés : 90
2026-02-15 21:07:43,192 - INFO - Bloc 0 valide : terrain lycée agr (8h30-10h
 g...
2026-02-15 21:07:43,199 - INFO - Bloc 1 valide : terrain lycée agr (10h30-12h
 ...
2026-02-15 21:07:43,199 - INFO - Merge @R41C6 : Erreur format heure a la colonne 0 (time data '' does not match format '%H:%M')
2026-02-15 21:07:43,199 - INFO - Merge @R41C8 : Erreur format heure a la colonne 0 (time data '' does not match format '%H:%M')
2026-02-15 21:07:43,199 - INFO - Merge @R41C11 : Erreur format heure a la colonne 0 (time data '' does not match format '%H:%M')
2026-02-15 21:07:43,203 - INFO - Bloc 5 valide : Anglais...
2026-02-15 21:07:43,206 - INFO - Bloc 6 valide : Sol / Modèles...
2026-02-15 21:07:43,209 - INFO - Bloc 7 valide : Jalon 2_Restitution Modèles...
2026-02-15 21:07:43,212 - INFO - Bloc 8 valide : Sol / Modèles
 Evaluation Pédo...
2026-02-15 21:07:43,216 - INFO - Bloc 9 valide : Préparation terrain...
2026-02-15 21:07:43,219 - INFO - Bloc 10 valide : Presentation UE (MG - ML)...
2026-02-15 21:07:43,222 - INFO - Bloc 11 valide : SEABV_hydrologie 
 (SG, LB)...
2026-02-15 21:07:43,225 - INFO - Bloc 12 valide : SEABV_hydrologie 
 (SG, LB)...
2026-02-15 21:07:43,225 - INFO - Merge @R41C1 : Erreur format heure a la colonne 0 (time data '' does not match format '%H:%M')
2026-02-15 21:07:43,225 - INFO - Merge @R41C3 : Erreur format heure a la colonne 0 (time data '' does not match format '%H:%M')
2026-02-15 21:07:43,229 - INFO - Bloc 15 valide : Sol / Modèles...
2026-02-15 21:07:43,232 - INFO - Bloc 16 valide : Transmission QGER -> AGREST (8...
2026-02-15 21:07:43,235 - INFO - Bloc 17 valide : TD en salle info pour revision...
2026-02-15 21:07:43,242 - INFO - Bloc 18 valide : Sol - gpes pairs...
2026-02-15 21:07:43,245 - INFO - Bloc 19 valide : Travail Perso...
2026-02-15 21:07:43,248 - INFO - Bloc 20 valide : Terrain vallée de Save L'Isle ...
2026-02-15 21:07:43,252 - INFO - Bloc 21 valide : Terrain vallée de Save L'Isle ...
2026-02-15 21:07:43,255 - INFO - Bloc 22 valide : PAE 18...
2026-02-15 21:07:43,258 - INFO - Bloc 23 valide : Départ Terrain...
2026-02-15 21:07:43,262 - INFO - Bloc 24 valide : Restitution - World café
 (BP,...
2026-02-15 21:07:43,265 - INFO - Bloc 25 valide : Préconisations...
2026-02-15 21:07:43,269 - INFO - Bloc 26 valide : Préconisations...
2026-02-15 21:07:43,272 - INFO - Bloc 27 valide : Débrief de l'UE...
2026-02-15 21:07:43,272 - INFO - Merge @R65C1 : Erreur format heure a la colonne 0 (time data '' does not match format '%H:%M')
2026-02-15 21:07:43,272 - INFO - Merge @R65C3 : Erreur format heure a la colonne 0 (time data '' does not match format '%H:%M')
2026-02-15 21:07:43,272 - INFO - Merge @R65C6 : Erreur format heure a la colonne 0 (time data '' does not match format '%H:%M')
2026-02-15 21:07:43,272 - INFO - Merge @R65C8 : Erreur format heure a la colonne 0 (time data '' does not match format '%H:%M')
2026-02-15 21:07:43,276 - INFO - Bloc 32 valide : &...
2026-02-15 21:07:43,279 - INFO - Bloc 33 valide : Préconisations...
2026-02-15 21:07:43,282 - INFO - Bloc 34 valide : Préconisations
(JPS)...
2026-02-15 21:07:43,282 - INFO - Merge @R5C11 : Erreur format heure a la colonne 0 (time data '' does not match format '%H:%M')
2026-02-15 21:07:43,286 - INFO - Bloc 36 valide : Forum Agrotoulouse...
2026-02-15 21:07:43,286 - INFO - Merge @R17C11 : Erreur format heure a la colonne 0 (time data '' does not match format '%H:%M')
2026-02-15 21:07:43,286 - INFO - Merge @R17C13 : Erreur format heure a la colonne 0 (time data '' does not match format '%H:%M')
2026-02-15 21:07:43,289 - INFO - Bloc 39 valide : SEABV - remise à niveau SIG...
2026-02-15 21:07:43,290 - INFO - Merge @R0C0 : Aucune ligne de date (jour de la semaine) trouvee au-dessus.
2026-02-15 21:07:43,290 - INFO - Merge @R5C1 : Erreur format heure a la colonne 0 (time data '' does not match format '%H:%M')
2026-02-15 21:07:43,290 - INFO - Merge @R5C3 : Erreur format heure a la colonne 0 (time data '' does not match format '%H:%M')
2026-02-15 21:07:43,290 - INFO - Merge @R5C8 : Erreur format heure a la colonne 0 (time data '' does not match format '%H:%M')
2026-02-15 21:07:43,290 - INFO - Merge @R5C13 : Erreur format heure a la colonne 0 (time data '' does not match format '%H:%M')
2026-02-15 21:07:43,294 - INFO - Bloc 45 valide : SEABV - remise à niveau SIG...
2026-02-15 21:07:43,298 - INFO - Bloc 46 valide : Travail Perso...
2026-02-15 21:07:43,298 - INFO - Merge @R5C6 : Erreur format heure a la colonne 0 (time data '' does not match format '%H:%M')
2026-02-15 21:07:43,341 - INFO - Bloc 48 valide : 8h00-9h50: Anglais...
2026-02-15 21:07:43,353 - INFO - Bloc 49 valide : SEABV - remise à niveau SIG
(M...
2026-02-15 21:07:43,362 - INFO - Bloc 50 valide : Forum Agrotoulouse...
2026-02-15 21:07:43,362 - INFO - Merge @R17C6 : Erreur format heure a la colonne 0 (time data '' does not match format '%H:%M')
2026-02-15 21:07:43,362 - INFO - Merge @R17C8 : Erreur format heure a la colonne 0 (time data '' does not match format '%H:%M')
2026-02-15 21:07:43,386 - INFO - Bloc 53 valide : SEABV - remise à niveau SIG...
2026-02-15 21:07:43,389 - INFO - Bloc 54 valide : SEABV - remise à niveau SIG
[B...
2026-02-15 21:07:43,393 - INFO - Bloc 55 valide : PAE 8 TA...
2026-02-15 21:07:43,393 - INFO - Merge @R17C1 : Erreur format heure a la colonne 0 (time data '' does not match format '%H:%M')
2026-02-15 21:07:43,393 - INFO - Merge @R17C3 : Erreur format heure a la colonne 0 (time data '' does not match format '%H:%M')
2026-02-15 21:07:43,393 - INFO - Merge @R29C1 : Erreur format heure a la colonne 0 (time data '' does not match format '%H:%M')
2026-02-15 21:07:43,393 - INFO - Merge @R29C3 : Erreur format heure a la colonne 0 (time data '' does not match format '%H:%M')
2026-02-15 21:07:43,396 - INFO - Bloc 60 valide : Travail Perso...
2026-02-15 21:07:43,396 - INFO - Merge @R29C6 : Erreur format heure a la colonne 0 (time data '' does not match format '%H:%M')
2026-02-15 21:07:43,396 - INFO - Merge @R29C8 : Erreur format heure a la colonne 0 (time data '' does not match format '%H:%M')
2026-02-15 21:07:43,396 - INFO - Merge @R29C11 : Erreur format heure a la colonne 0 (time data '' does not match format '%H:%M')
2026-02-15 21:07:43,400 - INFO - Bloc 64 valide : SEABV_hydrologie_evaluation 
 ...
2026-02-15 21:07:43,404 - INFO - Bloc 65 valide : SEABV_hydrologie 
 (SG, LB)...
2026-02-15 21:07:43,407 - INFO - Bloc 66 valide : SEABV_hydrologie_evaluation
 (...
2026-02-15 21:07:43,410 - INFO - Bloc 67 valide : SEABV_Jalon 1
 (SG, LB, ML)...
2026-02-15 21:07:43,414 - INFO - Bloc 68 valide : TD en salle info pour revision...
2026-02-15 21:07:43,421 - INFO - Bloc 69 valide : Sol - gpes impairs...
2026-02-15 21:07:43,424 - INFO - Bloc 70 valide : Sol / Modèles
 Evaluation Pédo...
2026-02-15 21:07:43,427 - INFO - Bloc 71 valide : Sol / Modèles...
2026-02-15 21:07:43,438 - INFO - Bloc 72 valide : terrain lycée agr gpes 1,3,5,7...
2026-02-15 21:07:43,441 - INFO - Bloc 73 valide : Préparation terrain (SG MG, BP...
2026-02-15 21:07:43,447 - INFO - Bloc 74 valide : terrain lycée agr gpes 1,3,5,7...
2026-02-15 21:07:43,450 - INFO - Bloc 75 valide : Travail Perso...
2026-02-15 21:07:43,454 - INFO - Bloc 76 valide : Traitement des données retour ...
2026-02-15 21:07:43,457 - INFO - Bloc 77 valide : Traitement des données retour ...
2026-02-15 21:07:43,463 - INFO - Bloc 78 valide : Jeu sérieu Érosion...
2026-02-15 21:07:43,463 - INFO - Merge @R65C11 : Erreur format heure a la colonne 0 (time data '' does not match format '%H:%M')
2026-02-15 21:07:43,467 - INFO - Bloc 80 valide : PAE 19 (Retour aux commanditai...
2026-02-15 21:07:43,471 - INFO - Bloc 81 valide : Bilan Agrest...
2026-02-15 21:07:43,474 - INFO - Bloc 82 valide : Travail perso...
2026-02-15 21:07:43,477 - INFO - Bloc 83 valide : Sol / Modèles (Fin 17h)...
2026-02-15 21:07:43,477 - INFO - Merge @R53C1 : Erreur format heure a la colonne 0 (time data '' does not match format '%H:%M')
2026-02-15 21:07:43,477 - INFO - Merge @R53C3 : Erreur format heure a la colonne 0 (time data '' does not match format '%H:%M')
2026-02-15 21:07:43,477 - INFO - Merge @R53C6 : Erreur format heure a la colonne 0 (time data '' does not match format '%H:%M')
2026-02-15 21:07:43,477 - INFO - Merge @R53C8 : Erreur format heure a la colonne 0 (time data '' does not match format '%H:%M')
2026-02-15 21:07:43,477 - INFO - Merge @R53C11 : Erreur format heure a la colonne 0 (time data '' does not match format '%H:%M')
2026-02-15 21:07:43,481 - INFO - Bloc 89 valide : Traitement des données retour ...
2026-02-15 21:10:52,359 - INFO - Début du parsing. Nombre de blocs fusionnés trouvés : 90
2026-02-15 21:10:52,708 - INFO - Bloc 0 valide : terrain lycée agr (8h30-10h
 g...
2026-02-15 21:10:52,723 - INFO - Bloc 1 valide : terrain lycée agr (10h30-12h
 ...
2026-02-15 21:10:52,723 - INFO - Merge @R41C6 : Erreur format heure a la colonne 0 (time data '' does not match format '%H:%M')
2026-02-15 21:10:52,723 - INFO - Merge @R41C8 : Erreur format heure a la colonne 0 (time data '' does not match format '%H:%M')
2026-02-15 21:10:52,723 - INFO - Merge @R41C11 : Erreur format heure a la colonne 0 (time data '' does not match format '%H:%M')
2026-02-15 21:10:52,730 - INFO - Bloc 5 valide : Anglais...
2026-02-15 21:10:52,735 - INFO - Bloc 6 valide : Sol / Modèles...
2026-02-15 21:10:52,739 - INFO - Bloc 7 valide : Jalon 2_Restitution Modèles...
2026-02-15 21:10:52,745 - INFO - Bloc 8 valide : Sol / Modèles
 Evaluation Pédo...
2026-02-15 21:10:52,749 - INFO - Bloc 9 valide : Préparation terrain...
2026-02-15 21:10:52,754 - INFO - Bloc 10 valide : Presentation UE (MG - ML)...
2026-02-15 21:10:52,758 - INFO - Bloc 11 valide : SEABV_hydrologie 
 (SG, LB)...
2026-02-15 21:10:52,762 - INFO - Bloc 12 valide : SEABV_hydrologie 
 (SG, LB)...
2026-02-15 21:10:52,762 - INFO - Merge @R41C1 : Erreur format heure a la colonne 0 (time data '' does not match format '%H:%M')
2026-02-15 21:10:52,762 - INFO - Merge @R41C3 : Erreur format heure a la colonne 0 (time data '' does not match format '%H:%M')
2026-02-15 21:10:52,765 - INFO - Bloc 15 valide : Sol / Modèles...
2026-02-15 21:10:52,769 - INFO - Bloc 16 valide : Transmission QGER -> AGREST (8...
2026-02-15 21:10:52,772 - INFO - Bloc 17 valide : TD en salle info pour revision...
2026-02-15 21:10:52,779 - INFO - Bloc 18 valide : Sol - gpes pairs...
2026-02-15 21:10:52,782 - INFO - Bloc 19 valide : Travail Perso...
2026-02-15 21:10:52,786 - INFO - Bloc 20 valide : Terrain vallée de Save L'Isle ...
2026-02-15 21:10:52,790 - INFO - Bloc 21 valide : Terrain vallée de Save L'Isle ...
2026-02-15 21:10:52,794 - INFO - Bloc 22 valide : PAE 18...
2026-02-15 21:10:52,797 - INFO - Bloc 23 valide : Départ Terrain...
2026-02-15 21:10:52,801 - INFO - Bloc 24 valide : Restitution - World café
 (BP,...
2026-02-15 21:10:52,805 - INFO - Bloc 25 valide : Préconisations...
2026-02-15 21:10:52,810 - INFO - Bloc 26 valide : Préconisations...
2026-02-15 21:10:52,814 - INFO - Bloc 27 valide : Débrief de l'UE...
2026-02-15 21:10:52,814 - INFO - Merge @R65C1 : Erreur format heure a la colonne 0 (time data '' does not match format '%H:%M')
2026-02-15 21:10:52,814 - INFO - Merge @R65C3 : Erreur format heure a la colonne 0 (time data '' does not match format '%H:%M')
2026-02-15 21:10:52,814 - INFO - Merge @R65C6 : Erreur format heure a la colonne 0 (time data '' does not match format '%H:%M')
2026-02-15 21:10:52,815 - INFO - Merge @R65C8 : Erreur format heure a la colonne 0 (time data '' does not match format '%H:%M')
2026-02-15 21:10:52,818 - INFO - Bloc 32 valide : &...
2026-02-15 21:10:52,822 - INFO - Bloc 33 valide : Préconisations...
2026-02-15 21:10:52,826 - INFO - Bloc 34 valide : Préconisations
(JPS)...
2026-02-15 21:10:52,826 - INFO - Merge @R5C11 : Erreur format heure a la colonne 0 (time data '' does not match format '%H:%M')
2026-02-15 21:10:52,830 - INFO - Bloc 36 valide : Forum Agrotoulouse...
2026-02-15 21:10:52,831 - INFO - Merge @R17C11 : Erreur format heure a la colonne 0 (time data '' does not match format '%H:%M')
2026-02-15 21:10:52,831 - INFO - Merge @R17C13 : Erreur format heure a la colonne 0 (time data '' does not match format '%H:%M')
2026-02-15 21:10:52,836 - INFO - Bloc 39 valide : SEABV - remise à niveau SIG...
2026-02-15 21:10:52,836 - INFO - Merge @R0C0 : Aucune ligne de date (jour de la semaine) trouvee au-dessus.
2026-02-15 21:10:52,836 - INFO - Merge @R5C1 : Erreur format heure a la colonne 0 (time data '' does not match format '%H:%M')
2026-02-15 21:10:52,836 - INFO - Merge @R5C3 : Erreur format heure a la colonne 0 (time data '' does not match format '%H:%M')
2026-02-15 21:10:52,836 - INFO - Merge @R5C8 : Erreur format heure a la colonne 0 (time data '' does not match format '%H:%M')
2026-02-15 21:10:52,836 - INFO - Merge @R5C13 : Erreur format heure a la colonne 0 (time data '' does not match format '%H:%M')
2026-02-15 21:10:52,842 - INFO - Bloc 45 valide : SEABV - remise à niveau SIG...
2026-02-15 21:10:52,846 - INFO - Bloc 46 valide : Travail Perso...
2026-02-15 21:10:52,846 - INFO - Merge @R5C6 : Erreur format heure a la colonne 0 (time data '' does not match format '%H:%M')
2026-02-15 21:10:52,850 - INFO - Bloc 48 valide : 8h00-9h50: Anglais...
2026-02-15 21:10:52,855 - INFO - Bloc 49 valide : SEABV - remise à niveau SIG
(M...
2026-02-15 21:10:52,858 - INFO - Bloc 50 valide : Forum Agrotoulouse...
2026-02-15 21:10:52,858 - INFO - Merge @R17C6 : Erreur format heure a la colonne 0 (time data '' does not match format '%H:%M')
2026-02-15 21:10:52,859 - INFO - Merge @R17C8 : Erreur format heure a la colonne 0 (time data '' does not match format '%H:%M')
2026-02-15 21:10:52,862 - INFO - Bloc 53 valide : SEABV - remise à niveau SIG...
2026-02-15 21:10:52,867 - INFO - Bloc 54 valide : SEABV - remise à niveau SIG
[B...
2026-02-15 21:10:52,872 - INFO - Bloc 55 valide : PAE 8 TA...
2026-02-15 21:10:52,872 - INFO - Merge @R17C1 : Erreur format heure a la colonne 0 (time data '' does not match format '%H:%M')
2026-02-15 21:10:52,872 - INFO - Merge @R17C3 : Erreur format heure a la colonne 0 (time data '' does not match format '%H:%M')
2026-02-15 21:10:52,872 - INFO - Merge @R29C1 : Erreur format heure a la colonne 0 (time data '' does not match format '%H:%M')
2026-02-15 21:10:52,872 - INFO - Merge @R29C3 : Erreur format heure a la colonne 0 (time data '' does not match format '%H:%M')
2026-02-15 21:10:52,876 - INFO - Bloc 60 valide : Travail Perso...
2026-02-15 21:10:52,876 - INFO - Merge @R29C6 : Erreur format heure a la colonne 0 (time data '' does not match format '%H:%M')
2026-02-15 21:10:52,876 - INFO - Merge @R29C8 : Erreur format heure a la colonne 0 (time data '' does not match format '%H:%M')
2026-02-15 21:10:52,876 - INFO - Merge @R29C11 : Erreur format heure a la colonne 0 (time data '' does not match format '%H:%M')
2026-02-15 21:10:52,880 - INFO - Bloc 64 valide : SEABV_hydrologie_evaluation 
 ...
2026-02-15 21:10:52,883 - INFO - Bloc 65 valide : SEABV_hydrologie 
 (SG, LB)...
2026-02-15 21:10:52,886 - INFO - Bloc 66 valide : SEABV_hydrologie_evaluation
 (...
2026-02-15 21:10:52,890 - INFO - Bloc 67 valide : SEABV_Jalon 1
 (SG, LB, ML)...
2026-02-15 21:10:52,893 - INFO - Bloc 68 valide : TD en salle info pour revision...
2026-02-15 21:10:52,902 - INFO - Bloc 69 valide : Sol - gpes impairs...
2026-02-15 21:10:52,905 - INFO - Bloc 70 valide : Sol / Modèles
 Evaluation Pédo...
2026-02-15 21:10:52,908 - INFO - Bloc 71 valide : Sol / Modèles...
2026-02-15 21:10:52,915 - INFO - Bloc 72 valide : terrain lycée agr gpes 1,3,5,7...
2026-02-15 21:10:52,918 - INFO - Bloc 73 valide : Préparation terrain (SG MG, BP...
2026-02-15 21:10:52,930 - INFO - Bloc 74 valide : terrain lycée agr gpes 1,3,5,7...
2026-02-15 21:10:52,933 - INFO - Bloc 75 valide : Travail Perso...
2026-02-15 21:10:52,936 - INFO - Bloc 76 valide : Traitement des données retour ...
2026-02-15 21:10:52,939 - INFO - Bloc 77 valide : Traitement des données retour ...
2026-02-15 21:10:52,945 - INFO - Bloc 78 valide : Jeu sérieu Érosion...
2026-02-15 21:10:52,945 - INFO - Merge @R65C11 : Erreur format heure a la colonne 0 (time data '' does not match format '%H:%M')
2026-02-15 21:10:52,948 - INFO - Bloc 80 valide : PAE 19 (Retour aux commanditai...
2026-02-15 21:10:52,951 - INFO - Bloc 81 valide : Bilan Agrest...
2026-02-15 21:10:52,955 - INFO - Bloc 82 valide : Travail perso...
2026-02-15 21:10:52,958 - INFO - Bloc 83 valide : Sol / Modèles (Fin 17h)...
2026-02-15 21:10:52,958 - INFO - Merge @R53C1 : Erreur format heure a la colonne 0 (time data '' does not match format '%H:%M')
2026-02-15 21:10:52,958 - INFO - Merge @R53C3 : Erreur format heure a la colonne 0 (time data '' does not match format '%H:%M')
2026-02-15 21:10:52,958 - INFO - Merge @R53C6 : Erreur format heure a la colonne 0 (time data '' does not match format '%H:%M')
2026-02-15 21:10:52,958 - INFO - Merge @R53C8 : Erreur format heure a la colonne 0 (time data '' does not match format '%H:%M')
2026-02-15 21:10:52,958 - INFO - Merge @R53C11 : Erreur format heure a la colonne 0 (time data '' does not match format '%H:%M')
2026-02-15 21:10:52,961 - INFO - Bloc 89 valide : Traitement des données retour ...
2026-02-15 21:13:01,294 - ERROR - STREAMLIT ERROR: APIError: [400]: Invalid requests[9].mergeCells: You must select all cells in a merged range to merge or unmerge them.
Traceback (most recent call last):
  File "/home/nathan/code/cnum/objet_app.py", line 103, in <module>
    drawer.apply_to_main_edt(timetable)
  File "/home/nathan/code/cnum/src/io/gsheet_drawer.py", line 54, in apply_to_main_edt
    self._draw_timetable(draw_sheet, edt_sheet, timetable)
  File "/home/nathan/code/cnum/src/io/gsheet_drawer.py", line 256, in _draw_timetable
    self._connect().batch_update({"requests": requests})
  File "/home/nathan/code/cnum/.venv/lib/python3.12/site-packages/gspread/spreadsheet.py", line 101, in batch_update
    return self.client.batch_update(self.id, body)
           ^^^^^^^^^^^^^^^^^^^^^^^^^^^^^^^^^^^^^^^
  File "/home/nathan/code/cnum/.venv/lib/python3.12/site-packages/gspread/http_client.py", line 139, in batch_update
    r = self.request("post", SPREADSHEET_BATCH_UPDATE_URL % id, json=body)
        ^^^^^^^^^^^^^^^^^^^^^^^^^^^^^^^^^^^^^^^^^^^^^^^^^^^^^^^^^^^^^^^^^^
  File "/home/nathan/code/cnum/.venv/lib/python3.12/site-packages/gspread/http_client.py", line 128, in request
    raise APIError(response)
gspread.exceptions.APIError: APIError: [400]: Invalid requests[9].mergeCells: You must select all cells in a merged range to merge or unmerge them.

